<?xml version="1.0" encoding="UTF-8"?>
<!-- Generated by org.testng.reporters.JUnitReportReporter -->
<testsuite hostname="JEET" failures="0" tests="2" name="dalalStreetTest.TestExecution" time="38.052" errors="0" timestamp="2022-07-06T20:34:41 IST" skipped="1">
  <testcase classname="dalalStreetTest.TestExecution" name="sell" time="38.052"/>
  <system-out/>
  <testcase classname="dalalStreetTest.TestExecution" name="buy">
    <skipped/>
  </testcase> <!-- buy -->
  <system-out/>
</testsuite> <!-- dalalStreetTest.TestExecution -->
